<?xml version="1.0" encoding="UTF-8"?>
<testng-results total="1" passed="1" failed="0" skipped="0">
  <reporter-output>
  </reporter-output>
  <suite started-at="2021-02-24T07:29:30Z" name="Default suite" finished-at="2021-02-24T07:30:54Z" duration-ms="83781">
    <groups>
      <group name="cucumber">
        <method signature="AbstractTestNGCucumberTests.feature(cucumber.api.testng.CucumberFeatureWrapper)[pri:0, instance:runner.RunCuke@2b175c00]" name="feature" class="cucumber.api.testng.AbstractTestNGCucumberTests"/>
      </group> <!-- cucumber -->
    </groups>
    <test started-at="2021-02-24T07:29:30Z" name="Default test" finished-at="2021-02-24T07:30:54Z" duration-ms="83781">
      <class name="runner.RunCuke">
        <test-method is-config="true" signature="setUpClass()[pri:0, instance:runner.RunCuke@2b175c00]" started-at="2021-02-24T12:59:30Z" name="setUpClass" finished-at="2021-02-24T12:59:30Z" duration-ms="374" status="PASS">
          <reporter-output>
          </reporter-output>
        </test-method> <!-- setUpClass -->
        <test-method is-config="true" signature="writeExtentReport()[pri:0, instance:runner.RunCuke@2b175c00]" started-at="2021-02-24T12:59:30Z" name="writeExtentReport" finished-at="2021-02-24T12:59:31Z" duration-ms="327" status="PASS">
          <reporter-output>
          </reporter-output>
        </test-method> <!-- writeExtentReport -->
        <test-method signature="feature(cucumber.api.testng.CucumberFeatureWrapper)[pri:0, instance:runner.RunCuke@2b175c00]" started-at="2021-02-24T12:59:31Z" name="feature" description="Runs Cucumber Feature" data-provider="features" finished-at="2021-02-24T13:00:54Z" duration-ms="82770" status="PASS">
          <params>
            <param index="0">
              <value>
                <![CDATA[Acceptance testing to validate Search cars page is working fine.]]>
              </value>
            </param>
          </params>
          <reporter-output>
          </reporter-output>
        </test-method> <!-- feature -->
        <test-method is-config="true" signature="tearDownClass()[pri:0, instance:runner.RunCuke@2b175c00]" started-at="2021-02-24T13:00:54Z" name="tearDownClass" finished-at="2021-02-24T13:00:54Z" duration-ms="159" status="PASS">
          <reporter-output>
          </reporter-output>
        </test-method> <!-- tearDownClass -->
      </class> <!-- runner.RunCuke -->
    </test> <!-- Default test -->
  </suite> <!-- Default suite -->
</testng-results>
